[0520/201305:ERROR:process_info.cc(608)] range at 0x54965b0800000000, size 0x1ca fully unreadable
[0520/201305:ERROR:process_info.cc(608)] range at 0x54965b6e00000000, size 0x1ca fully unreadable
[0520/201305:ERROR:process_info.cc(608)] range at 0x0, size 0x1ca fully unreadable
[0520/201305:WARNING:in_range_cast.h(38)] value 1968514144388 out of range
[0520/201305:WARNING:in_range_cast.h(38)] value 1968514151858 out of range
[0520/201305:WARNING:in_range_cast.h(38)] value 1968514140820 out of range
[0520/201305:WARNING:in_range_cast.h(38)] value 1968514151632 out of range
[0520/201305:WARNING:in_range_cast.h(38)] value 1968514145604 out of range
[0520/201305:WARNING:in_range_cast.h(38)] value 1968514141348 out of range
[0520/201305:WARNING:in_range_cast.h(38)] value 1968514661248 out of range
[0520/201306:ERROR:process_info.cc(608)] range at 0x31f95b0800000000, size 0x154 fully unreadable
[0520/201306:ERROR:process_info.cc(608)] range at 0x31f95b6e00000000, size 0x154 fully unreadable
[0520/201306:ERROR:process_info.cc(608)] range at 0x0, size 0x154 fully unreadable
[0520/201306:WARNING:in_range_cast.h(38)] value 1461127288964 out of range
[0520/201306:WARNING:in_range_cast.h(38)] value 1461127296434 out of range
[0520/201306:WARNING:in_range_cast.h(38)] value 1461127285396 out of range
[0520/201306:WARNING:in_range_cast.h(38)] value 1461127296208 out of range
[0520/201306:WARNING:in_range_cast.h(38)] value 1461127290180 out of range
[0520/201306:WARNING:in_range_cast.h(38)] value 1461127285924 out of range
[0520/201306:WARNING:in_range_cast.h(38)] value 1461127809264 out of range
[0520/201306:ERROR:process_info.cc(608)] range at 0xa8445b2e00000000, size 0x12c fully unreadable
[0520/201306:ERROR:process_info.cc(608)] range at 0xa8445b9400000000, size 0x12c fully unreadable
[0520/201306:ERROR:process_info.cc(608)] range at 0x0, size 0x12c fully unreadable
[0520/201306:WARNING:in_range_cast.h(38)] value 1291313223812 out of range
[0520/201306:WARNING:in_range_cast.h(38)] value 1291313231282 out of range
[0520/201306:WARNING:in_range_cast.h(38)] value 1291313220244 out of range
[0520/201306:WARNING:in_range_cast.h(38)] value 1291313231056 out of range
[0520/201306:WARNING:in_range_cast.h(38)] value 1291313225028 out of range
[0520/201306:WARNING:in_range_cast.h(38)] value 1291313220772 out of range
[0520/201306:WARNING:in_range_cast.h(38)] value 1291313745600 out of range
[0520/201306:ERROR:process_info.cc(608)] range at 0xcdc95b2e00000000, size 0x1d0 fully unreadable
[0520/201306:ERROR:process_info.cc(608)] range at 0xcdc95b9400000000, size 0x1d0 fully unreadable
[0520/201306:ERROR:process_info.cc(608)] range at 0x0, size 0x1d0 fully unreadable
[0520/201306:ERROR:process_info.cc(608)] range at 0x8c1a5b0200000000, size 0x287 fully unreadable
[0520/201306:ERROR:process_info.cc(608)] range at 0x8c1a5b6800000000, size 0x287 fully unreadable
[0520/201306:ERROR:process_info.cc(608)] range at 0x0, size 0x287 fully unreadable
[0520/201306:WARNING:in_range_cast.h(38)] value 1996317333636 out of range
[0520/201306:WARNING:in_range_cast.h(38)] value 1996317341106 out of range
[0520/201306:WARNING:in_range_cast.h(38)] value 1996317330068 out of range
[0520/201306:WARNING:in_range_cast.h(38)] value 1996317340880 out of range
[0520/201306:WARNING:in_range_cast.h(38)] value 1996317334852 out of range
[0520/201306:WARNING:in_range_cast.h(38)] value 1996317330596 out of range
[0520/201306:WARNING:in_range_cast.h(38)] value 1996317855424 out of range
[0520/201306:WARNING:in_range_cast.h(38)] value 2781194360964 out of range
[0520/201306:WARNING:in_range_cast.h(38)] value 2781194368434 out of range
[0520/201306:WARNING:in_range_cast.h(38)] value 2781194357396 out of range
[0520/201306:WARNING:in_range_cast.h(38)] value 2781194368208 out of range
[0520/201306:WARNING:in_range_cast.h(38)] value 2781194362180 out of range
[0520/201306:WARNING:in_range_cast.h(38)] value 2781194357924 out of range
[0520/201306:WARNING:in_range_cast.h(38)] value 2781194873712 out of range
[0520/201306:ERROR:process_info.cc(330)] VirtualQueryEx: Access is denied. (0x5)
[0520/201306:ERROR:process_info.cc(330)] VirtualQueryEx: Access is denied. (0x5)
[0520/201306:ERROR:process_info.cc(547)] ReadMemoryInfo failed
[0520/201306:ERROR:process_info.cc(547)] ReadMemoryInfo failed
[0520/201306:ERROR:process_info.cc(608)] range at 0x7ffe77be5200, size 0x40 fully unreadable
[0520/201306:ERROR:process_info.cc(608)] range at 0x7ffe77be5200, size 0x40 fully unreadable
[0520/201306:ERROR:process_info.cc(608)] range at 0x7ffe77bb1410, size 0x12 fully unreadable
[0520/201306:ERROR:process_info.cc(608)] range at 0x7ffe77bb1410, size 0x12 fully unreadable
[0520/201306:ERROR:process_info.cc(608)] range at 0x7ffe77bb1410, size 0x12 fully unreadable
[0520/201306:ERROR:process_info.cc(608)] range at 0x7ffe77bb1410, size 0x12 fully unreadable
[0520/201306:ERROR:process_info.cc(608)] range at 0x7ffe77bb1410, size 0x12 fully unreadable
[0520/201306:ERROR:process_info.cc(608)] range at 0x232c5b0000000000, size 0x235 fully unreadable
[0520/201306:ERROR:process_info.cc(608)] range at 0x232c5b6600000000, size 0x235 fully unreadable
[0520/201306:ERROR:process_info.cc(608)] range at 0x0, size 0x235 fully unreadable
[0520/201306:ERROR:process_info.cc(608)] range at 0x7ffe77be21e0, size 0x28 fully unreadable
[0520/201306:ERROR:process_info.cc(608)] range at 0x7ffe77be2d48, size 0x30 fully unreadable
[0520/201306:ERROR:process_info.cc(608)] range at 0x7ffe77bb1410, size 0x12 fully unreadable
[0520/201306:ERROR:process_info.cc(608)] range at 0xc76a5b0400000000, size 0x17a fully unreadable
[0520/201306:ERROR:process_info.cc(608)] range at 0xc76a5b6a00000000, size 0x17a fully unreadable
[0520/201306:ERROR:process_info.cc(608)] range at 0x0, size 0x17a fully unreadable
[0520/201306:ERROR:process_info.cc(608)] range at 0x7ffe77be21e0, size 0x28 fully unreadable
[0520/201306:ERROR:process_info.cc(608)] range at 0x7ffe77be2d48, size 0x30 fully unreadable
[0520/201306:ERROR:process_reader_win.cc(141)] SuspendThread: Access is denied. (0x5)
[0520/201306:ERROR:exception_snapshot_win.cc(57)] thread ID 14096 not found in process
[0520/201306:WARNING:crash_report_exception_handler.cc(60)] ProcessSnapshotWin::InitializeException failed
[0520/201306:ERROR:scoped_process_suspend.cc(38)] NtResumeProcess, ntstatus=-1073741558
[0520/201306:ERROR:process_reader_win.cc(141)] SuspendThread: Access is denied. (0x5)
[0520/201306:ERROR:exception_snapshot_win.cc(57)] thread ID 6368 not found in process
[0520/201306:WARNING:crash_report_exception_handler.cc(60)] ProcessSnapshotWin::InitializeException failed
[0520/201306:ERROR:scoped_process_suspend.cc(38)] NtResumeProcess, ntstatus=-1073741558
